10:21:25.410 [main] INFO  dev.service.CalculServiceTest -Etant donné, une instance de la classe CalculService
10:21:25.426 [main] INFO  dev.service.CalculServiceTest -Lorsque j'évalue l'addition de l'expression 1+3+4
10:21:25.426 [main] DEBUG dev.service.AppService -Evaluation de l'expression 
10:21:25.426 [main] INFO  dev.service.CalculServiceTest -Alors j'obtiens le résultat 8
10:21:57.524 [main] INFO  dev.service.CalculServiceTest -Etant donné, une instance de la classe CalculService
10:21:57.540 [main] INFO  dev.service.CalculServiceTest -Lorsque j'évalue l'addition de l'expression 1+3+4
10:21:57.540 [main] DEBUG dev.service.AppService -Evaluation de l'expression 
10:21:57.540 [main] INFO  dev.service.CalculServiceTest -Alors j'obtiens le résultat 8
10:22:10.942 [main] INFO  dev.service.CalculServiceTest -Etant donné, une instance de la classe CalculService
10:22:10.942 [main] INFO  dev.service.CalculServiceTest -Lorsque j'évalue l'addition de l'expression 1+3+4
10:22:10.942 [main] DEBUG dev.service.AppService -Evaluation de l'expression 
10:22:10.942 [main] INFO  dev.service.CalculServiceTest -Alors j'obtiens le résultat 8
10:44:53.534 [main] INFO  dev.service.CalculServiceTest -Etant donné, une instance de la classe CalculService
10:44:53.534 [main] INFO  dev.service.CalculServiceTest -Lorsque j'évalue l'addition de l'expression 1+3+4
10:44:53.534 [main] DEBUG dev.service.AppService -Evaluation de l'expression 
10:44:53.534 [main] INFO  dev.service.CalculServiceTest -Alors j'obtiens le résultat 8
10:58:09.315 [main] DEBUG dev.service.AppService -Evaluation de l'expression 
10:58:09.315 [main] INFO  dev.service.CalculServiceTest -Etant donné, une instance de la classe CalculService
10:58:09.330 [main] INFO  dev.service.CalculServiceTest -Lorsque j'évalue l'addition de l'expression 1+3+4
10:58:09.330 [main] DEBUG dev.service.AppService -Evaluation de l'expression 
10:58:09.330 [main] INFO  dev.service.CalculServiceTest -Alors j'obtiens le résultat 8
11:03:02.857 [main] DEBUG dev.service.AppService -Evaluation de l'expression 
11:03:02.872 [main] INFO  dev.service.CalculServiceTest -Etant donné, une instance de la classe CalculService
11:03:02.872 [main] INFO  dev.service.CalculServiceTest -Lorsque j'évalue l'addition de l'expression 1+3+4
11:03:02.872 [main] DEBUG dev.service.AppService -Evaluation de l'expression 
11:03:02.872 [main] INFO  dev.service.CalculServiceTest -Alors j'obtiens le résultat 8
11:05:28.617 [main] DEBUG dev.service.AppService -Evaluation de l'expression 
11:05:28.617 [main] INFO  dev.service.CalculServiceTest -Etant donné, une instance de la classe CalculService
11:05:28.617 [main] INFO  dev.service.CalculServiceTest -Lorsque j'évalue l'addition de l'expression 1+3+4
11:05:28.617 [main] DEBUG dev.service.AppService -Evaluation de l'expression 
11:05:28.617 [main] INFO  dev.service.CalculServiceTest -Alors j'obtiens le résultat 8
11:09:14.989 [main] DEBUG dev.service.AppService -Evaluation de l'expression 
11:09:14.989 [main] INFO  dev.service.CalculServiceTest -Etant donné, une instance de la classe CalculService
11:09:15.004 [main] INFO  dev.service.CalculServiceTest -Lorsque j'évalue l'addition de l'expression 1+3+4
11:09:15.004 [main] DEBUG dev.service.AppService -Evaluation de l'expression 
11:09:15.004 [main] INFO  dev.service.CalculServiceTest -Alors j'obtiens le résultat 8
11:34:59.876 [main] DEBUG dev.service.AppService -Evaluation de l'expression 
11:34:59.876 [main] INFO  dev.service.CalculServiceTest -Etant donné, une instance de la classe CalculService
11:34:59.876 [main] INFO  dev.service.CalculServiceTest -Lorsque j'évalue l'addition de l'expression 1+3+4
11:34:59.876 [main] DEBUG dev.service.AppService -Evaluation de l'expression 
11:34:59.876 [main] INFO  dev.service.CalculServiceTest -Alors j'obtiens le résultat 8
11:37:50.000 [main] DEBUG dev.service.AppService -Evaluation de l'expression 
11:37:50.015 [main] INFO  dev.service.CalculServiceTest -Etant donné, une instance de la classe CalculService
11:37:50.015 [main] INFO  dev.service.CalculServiceTest -Lorsque j'évalue l'addition de l'expression 1+3+4
11:37:50.015 [main] DEBUG dev.service.AppService -Evaluation de l'expression 
11:37:50.015 [main] INFO  dev.service.CalculServiceTest -Alors j'obtiens le résultat 8
11:43:17.462 [main] DEBUG dev.service.AppService -Evaluation de l'expression 
11:43:17.477 [main] INFO  dev.service.CalculServiceTest -Etant donné, une instance de la classe CalculService
11:43:17.477 [main] INFO  dev.service.CalculServiceTest -Lorsque j'évalue l'addition de l'expression 1+3+4
11:43:17.477 [main] DEBUG dev.service.AppService -Evaluation de l'expression 
11:43:17.477 [main] INFO  dev.service.CalculServiceTest -Alors j'obtiens le résultat 8
12:17:40.018 [main] INFO  dev.console.App -**** Application Calculatrice ****
12:20:50.519 [main] DEBUG dev.console.App -**** Application Calculatrice ****
12:21:36.868 [main] INFO  dev.console.App -**** Application Calculatrice ****
12:24:59.199 [main] INFO  org.diginamic.App -Bonjour Slf4J ! 
12:24:59.199 [main] INFO  org.diginamic.App -Implémentation Logback
12:24:59.199 [main] DEBUG dev.service.AppService -Traitement 1 : param = valeur 1
12:31:35.515 [main] INFO  titreLogger -**** Application Calculatrice ****
12:44:38.607 [main] INFO  titreLogger -Etant donné, un service CalculService qui retourne 35 à l'évaluation de l'expression 1+34
12:44:38.607 [main] INFO  titreLogger -Lorsque la méthode evaluer est invoquée
12:44:38.607 [main] INFO  titreLogger -Alors le service est invoqué avec l'expression 1+34
12:44:38.622 [main] INFO  titreLogger -**** Application Calculatrice ****
12:46:22.010 [main] INFO  titreLogger -Etant donné, un service CalculService qui retourne 35 à l'évaluation de l'expression 1+34
12:46:22.010 [main] INFO  titreLogger -Lorsque la méthode evaluer est invoquée
12:46:22.010 [main] INFO  titreLogger -1+34
12:46:22.010 [main] INFO  titreLogger -Alors le service est invoqué avec l'expression 1+34
12:46:22.026 [main] INFO  titreLogger -**** Application Calculatrice ****
12:51:54.856 [main] INFO  titreLogger -Etant donné, un service CalculService qui retourne 35 à l'évaluation de l'expression 1+34
12:51:54.871 [main] INFO  titreLogger -Lorsque la méthode evaluer est invoquée
12:51:54.871 [main] INFO  titreLogger -1+34=35
12:51:54.871 [main] INFO  titreLogger -Alors le service est invoqué avec l'expression 1+34
12:51:54.871 [main] INFO  titreLogger -**** Application Calculatrice ****
14:07:03.307 [main] INFO  titreLogger -Etant donné, un service CalculService qui retourne 35 à l'évaluation de l'expression 1+34
14:07:03.307 [main] INFO  titreLogger -Lorsque la méthode evaluer est invoquée
14:07:03.307 [main] INFO  titreLogger -1+34=35
14:07:03.307 [main] INFO  titreLogger -Alors le service est invoqué avec l'expression 1+34
14:07:03.307 [main] INFO  titreLogger -Alors dans la console, s'affiche 1+34=35
14:07:03.338 [main] INFO  titreLogger -**** Application Calculatrice ****
14:12:27.251 [main] INFO  titreLogger -Etant donné, un service CalculService qui retourne 35 à l'évaluation de l'expression 1+34
14:12:27.251 [main] INFO  titreLogger -Lorsque la méthode evaluer est invoquée
14:12:27.251 [main] INFO  titreLogger -1+34=35
14:12:27.251 [main] INFO  titreLogger -Alors le service est invoqué avec l'expression 1+34
14:12:27.267 [main] INFO  titreLogger -Alors dans la console, s'affiche 1+34=35
14:12:27.298 [main] INFO  titreLogger -**** Application Calculatrice ****
14:15:40.800 [main] INFO  titreLogger -Etant donné, un service CalculService qui retourne 35 à l'évaluation de l'expression 1+34
14:15:40.800 [main] INFO  titreLogger -Lorsque la méthode evaluer est invoquée
14:15:40.800 [main] INFO  titreLogger -1+34=35
14:15:40.800 [main] INFO  titreLogger -Alors le service est invoqué avec l'expression 1+34
14:15:40.800 [main] INFO  titreLogger -Alors dans la console, s'affiche 1+34=35
14:15:40.831 [main] INFO  titreLogger -**** Application Calculatrice ****
14:15:40.831 [main] INFO  titreLogger -L'expression 1+34 est invalide
14:15:40.831 [main] INFO  titreLogger -1+34=0
15:04:19.424 [main] INFO  titreLogger -Etant donné, un service CalculService qui retourne 35 à l'évaluation de l'expression 1+34
15:04:19.439 [main] INFO  titreLogger -Lorsque la méthode evaluer est invoquée
15:04:19.439 [main] INFO  titreLogger -1+34=35
15:04:19.439 [main] INFO  titreLogger -Alors le service est invoqué avec l'expression 1+34
15:04:19.439 [main] INFO  titreLogger -Alors dans la console, s'affiche 1+34=35
15:04:19.470 [main] INFO  titreLogger -**** Application Calculatrice ****
15:04:19.470 [main] INFO  titreLogger -L'expression 1+34 est invalide
15:04:19.470 [main] INFO  titreLogger -1+34=0
15:07:22.241 [main] INFO  titreLogger -Etant donné, un service CalculService qui retourne 35 à l'évaluation de l'expression 1+34
15:07:22.257 [main] INFO  titreLogger -Lorsque la méthode evaluer est invoquée
15:07:22.257 [main] INFO  titreLogger -1+34=35
15:07:22.257 [main] INFO  titreLogger -Alors le service est invoqué avec l'expression 1+34
15:07:22.257 [main] INFO  titreLogger -Alors dans la console, s'affiche 1+34=35
15:07:22.288 [main] INFO  titreLogger -**** Application Calculatrice ****
15:07:22.288 [main] INFO  titreLogger -L'expression 1+34 est invalide
15:07:22.288 [main] INFO  titreLogger -1+34=0
15:08:18.750 [main] INFO  titreLogger -Etant donné, un service CalculService qui retourne 35 à l'évaluation de l'expression 1+34
15:08:18.750 [main] INFO  titreLogger -Lorsque la méthode evaluer est invoquée
15:08:18.750 [main] INFO  titreLogger -1+34=35
15:08:18.750 [main] INFO  titreLogger -Alors le service est invoqué avec l'expression 1+34
15:08:18.750 [main] INFO  titreLogger -Alors dans la console, s'affiche 1+34=35
15:08:18.781 [main] INFO  titreLogger -**** Application Calculatrice ****
15:08:18.781 [main] INFO  titreLogger -L'expression 1+34 est invalide
15:08:18.781 [main] INFO  titreLogger -1+34=0
15:08:18.797 [main] INFO  titreLogger -**** Application Calculatrice ****
15:08:18.797 [main] INFO  titreLogger -Au revoir :-(
15:16:38.084 [main] INFO  titreLogger -**** Application Calculatrice ****
15:16:38.115 [main] INFO  titreLogger -Etant donné, un service CalculService qui retourne 35 à l'évaluation de l'expression 1+34
15:16:38.115 [main] INFO  titreLogger -Lorsque la méthode evaluer est invoquée
15:16:38.115 [main] INFO  titreLogger -1+34=35
15:16:38.115 [main] INFO  titreLogger -Alors le service est invoqué avec l'expression 1+34
15:16:38.131 [main] INFO  titreLogger -Alors dans la console, s'affiche 1+34=35
15:16:38.131 [main] INFO  titreLogger -**** Application Calculatrice ****
15:16:38.131 [main] INFO  titreLogger -L'expression 1+34 est invalide
15:16:38.131 [main] INFO  titreLogger -1+34=0
15:16:38.131 [main] INFO  titreLogger -**** Application Calculatrice ****
15:16:38.131 [main] INFO  titreLogger -Au revoir :-(
15:17:42.201 [main] INFO  titreLogger -**** Application Calculatrice ****
15:17:42.232 [main] INFO  titreLogger -Etant donné, un service CalculService qui retourne 35 à l'évaluation de l'expression 1+34
15:17:42.232 [main] INFO  titreLogger -Lorsque la méthode evaluer est invoquée
15:17:42.248 [main] INFO  titreLogger -1+34=35
15:17:42.248 [main] INFO  titreLogger -Alors le service est invoqué avec l'expression 1+34
15:17:42.248 [main] INFO  titreLogger -Alors dans la console, s'affiche 1+34=35
15:17:42.248 [main] INFO  titreLogger -**** Application Calculatrice ****
15:17:42.248 [main] INFO  titreLogger -L'expression 1+34 est invalide
15:17:42.248 [main] INFO  titreLogger -1+34=0
15:17:42.248 [main] INFO  titreLogger -**** Application Calculatrice ****
15:17:42.248 [main] INFO  titreLogger -Au revoir :-(
15:19:07.524 [main] INFO  titreLogger -**** Application Calculatrice ****
15:19:07.555 [main] INFO  titreLogger -Etant donné, un service CalculService qui retourne 35 à l'évaluation de l'expression 1+34
15:19:07.555 [main] INFO  titreLogger -Lorsque la méthode evaluer est invoquée
15:19:07.555 [main] INFO  titreLogger -1+34=35
15:19:07.555 [main] INFO  titreLogger -Alors le service est invoqué avec l'expression 1+34
15:19:07.571 [main] INFO  titreLogger -Alors dans la console, s'affiche 1+34=35
15:19:07.571 [main] INFO  titreLogger -**** Application Calculatrice ****
15:19:07.571 [main] INFO  titreLogger -L'expression 1+34 est invalide
15:19:07.571 [main] INFO  titreLogger -1+34=0
15:19:07.571 [main] INFO  titreLogger -**** Application Calculatrice ****
15:19:07.571 [main] INFO  titreLogger -Au revoir :-(
15:19:24.699 [main] INFO  titreLogger -**** Application Calculatrice ****
15:19:24.730 [main] INFO  titreLogger -Etant donné, un service CalculService qui retourne 35 à l'évaluation de l'expression 1+34
15:19:24.730 [main] INFO  titreLogger -Lorsque la méthode evaluer est invoquée
15:19:24.730 [main] INFO  titreLogger -1+34=35
15:19:24.730 [main] INFO  titreLogger -Alors le service est invoqué avec l'expression 1+34
15:19:24.746 [main] INFO  titreLogger -Alors dans la console, s'affiche 1+34=35
15:19:24.746 [main] INFO  titreLogger -**** Application Calculatrice ****
15:19:24.746 [main] INFO  titreLogger -L'expression 1+34 est invalide
15:19:24.746 [main] INFO  titreLogger -1+34=0
15:19:24.746 [main] INFO  titreLogger -**** Application Calculatrice ****
15:19:24.746 [main] INFO  titreLogger -Au revoir :-(
15:19:36.870 [main] INFO  titreLogger -**** Application Calculatrice ****
15:19:36.901 [main] INFO  titreLogger -Etant donné, un service CalculService qui retourne 35 à l'évaluation de l'expression 1+34
15:19:36.917 [main] INFO  titreLogger -Lorsque la méthode evaluer est invoquée
15:19:36.917 [main] INFO  titreLogger -1+34=35
15:19:36.917 [main] INFO  titreLogger -Alors le service est invoqué avec l'expression 1+34
15:19:36.917 [main] INFO  titreLogger -Alors dans la console, s'affiche 1+34=35
15:19:36.917 [main] INFO  titreLogger -**** Application Calculatrice ****
15:19:36.917 [main] INFO  titreLogger -L'expression 1+34 est invalide
15:19:36.917 [main] INFO  titreLogger -1+34=0
15:19:36.917 [main] INFO  titreLogger -**** Application Calculatrice ****
15:19:36.917 [main] INFO  titreLogger -Au revoir :-(
15:20:09.485 [main] INFO  titreLogger -**** Application Calculatrice ****
15:20:09.516 [main] INFO  titreLogger -Etant donné, un service CalculService qui retourne 35 à l'évaluation de l'expression 1+34
15:20:09.516 [main] INFO  titreLogger -Lorsque la méthode evaluer est invoquée
15:20:09.516 [main] INFO  titreLogger -1+34=35
15:20:09.516 [main] INFO  titreLogger -Alors le service est invoqué avec l'expression 1+34
15:20:09.532 [main] INFO  titreLogger -Alors dans la console, s'affiche 1+34=35
15:20:09.532 [main] INFO  titreLogger -**** Application Calculatrice ****
15:20:09.532 [main] INFO  titreLogger -L'expression 1+34 est invalide
15:20:09.532 [main] INFO  titreLogger -1+34=0
15:20:09.532 [main] INFO  titreLogger -**** Application Calculatrice ****
15:20:09.532 [main] INFO  titreLogger -Au revoir :-(
